<?xml version="1.0" encoding="UTF-8"?>
<!-- Generated by org.testng.reporters.JUnitReportReporter -->
<testsuite hostname="LAPTOP-NGHULG3E" failures="0" tests="1" name="com.example.AppTest" time="98.445" errors="0" timestamp="2024-03-27T15:30:14 IST" skipped="0">
  <testcase classname="com.example.AppTest" name="testing" time="98.445"/>
</testsuite> <!-- com.example.AppTest -->
