<?xml version="1.0" encoding="UTF-8"?>
<!-- Generated by org.testng.reporters.JUnitReportReporter -->
<testsuite hostname="LAPTOP-NGHULG3E" failures="0" tests="1" name="com.example1.AppTest" time="11.038" errors="0" timestamp="2024-03-26T11:35:52 IST" skipped="0">
  <testcase classname="com.example1.AppTest" name="tesing" time="11.038"/>
</testsuite> <!-- com.example1.AppTest -->
